<?xml version="1.0" encoding="UTF-8"?>
<!-- Generated by org.testng.reporters.JUnitXMLReporter -->
<testsuite hostname="master" ignored="6" name="Command line test" tests="12" failures="0" timestamp="2021-11-12T22:33:49 EST" time="5.599" errors="0">
  <testcase name="@BeforeMethod browserSetup" time="-1.636774424062E9" classname="com.base.BaseClass">
    <failure type="org.testng.TestNGException" message="
Parameter &amp;apos;url&amp;apos; is required by BeforeMethod on method browserSetup but has not been marked @Optional or defined
">
      <![CDATA[org.testng.TestNGException: 
Parameter 'url' is required by BeforeMethod on method browserSetup but has not been marked @Optional or defined

at java.util.ArrayList.forEach(ArrayList.java:1259)
... Removed 38 stack frames]]>
    </failure>
  </testcase> <!-- @BeforeMethod browserSetup -->
  <testcase name="@AfterMethod tearDown" time="-1.636774424078E9" classname="com.base.BaseClass">
    <skipped/>
  </testcase> <!-- @AfterMethod tearDown -->
  <testcase name="@BeforeMethod browserSetup" time="-1.636774424083E9" classname="com.base.BaseClass">
    <skipped/>
  </testcase> <!-- @BeforeMethod browserSetup -->
  <testcase name="@AfterMethod tearDown" time="-1.636774424083E9" classname="com.base.BaseClass">
    <skipped/>
  </testcase> <!-- @AfterMethod tearDown -->
  <testcase name="@BeforeMethod browserSetup" time="-1.636774424084E9" classname="com.base.BaseClass">
    <skipped/>
  </testcase> <!-- @BeforeMethod browserSetup -->
  <testcase name="@AfterMethod tearDown" time="-1.636774424084E9" classname="com.base.BaseClass">
    <skipped/>
  </testcase> <!-- @AfterMethod tearDown -->
  <testcase name="@BeforeMethod browserSetup" time="-1.636774424085E9" classname="com.base.BaseClass">
    <failure type="org.testng.TestNGException" message="
Parameter &amp;apos;url&amp;apos; is required by BeforeMethod on method browserSetup but has not been marked @Optional or defined
">
      <![CDATA[org.testng.TestNGException: 
Parameter 'url' is required by BeforeMethod on method browserSetup but has not been marked @Optional or defined

at java.util.ArrayList.forEach(ArrayList.java:1259)
... Removed 38 stack frames]]>
    </failure>
  </testcase> <!-- @BeforeMethod browserSetup -->
  <testcase name="@AfterMethod tearDown" time="-1.636774424086E9" classname="com.base.BaseClass">
    <skipped/>
  </testcase> <!-- @AfterMethod tearDown -->
  <testcase name="@BeforeMethod browserSetup" time="-1.636774424086E9" classname="com.base.BaseClass">
    <failure type="org.testng.TestNGException" message="
Parameter &amp;apos;url&amp;apos; is required by BeforeMethod on method browserSetup but has not been marked @Optional or defined
">
      <![CDATA[org.testng.TestNGException: 
Parameter 'url' is required by BeforeMethod on method browserSetup but has not been marked @Optional or defined

at java.util.ArrayList.forEach(ArrayList.java:1259)
... Removed 38 stack frames]]>
    </failure>
  </testcase> <!-- @BeforeMethod browserSetup -->
  <testcase name="@AfterMethod tearDown" time="-1.636774424087E9" classname="com.base.BaseClass">
    <skipped/>
  </testcase> <!-- @AfterMethod tearDown -->
  <testcase name="@BeforeMethod browserSetup" time="-1.636774424087E9" classname="com.base.BaseClass">
    <failure type="org.testng.TestNGException" message="
Parameter &amp;apos;url&amp;apos; is required by BeforeMethod on method browserSetup but has not been marked @Optional or defined
">
      <![CDATA[org.testng.TestNGException: 
Parameter 'url' is required by BeforeMethod on method browserSetup but has not been marked @Optional or defined

at java.util.ArrayList.forEach(ArrayList.java:1259)
... Removed 38 stack frames]]>
    </failure>
  </testcase> <!-- @BeforeMethod browserSetup -->
  <testcase name="@AfterMethod tearDown" time="-1.636774424092E9" classname="com.base.BaseClass">
    <skipped/>
  </testcase> <!-- @AfterMethod tearDown -->
  <testcase name="@BeforeMethod browserSetup" time="-1.636774424093E9" classname="com.base.BaseClass">
    <skipped/>
  </testcase> <!-- @BeforeMethod browserSetup -->
  <testcase name="@AfterMethod tearDown" time="-1.636774424093E9" classname="com.base.BaseClass">
    <skipped/>
  </testcase> <!-- @AfterMethod tearDown -->
  <testcase name="@BeforeMethod browserSetup" time="-1.636774424093E9" classname="com.base.BaseClass">
    <skipped/>
  </testcase> <!-- @BeforeMethod browserSetup -->
  <testcase name="@AfterMethod tearDown" time="-1.636774424094E9" classname="com.base.BaseClass">
    <skipped/>
  </testcase> <!-- @AfterMethod tearDown -->
  <testcase name="@BeforeMethod browserSetup" time="-1.636774424094E9" classname="com.base.BaseClass">
    <skipped/>
  </testcase> <!-- @BeforeMethod browserSetup -->
  <testcase name="@AfterMethod tearDown" time="-1.636774424094E9" classname="com.base.BaseClass">
    <skipped/>
  </testcase> <!-- @AfterMethod tearDown -->
  <testcase name="@BeforeMethod browserSetup" time="-1.636774424095E9" classname="com.base.BaseClass">
    <skipped/>
  </testcase> <!-- @BeforeMethod browserSetup -->
  <testcase name="@AfterMethod tearDown" time="-1.636774424096E9" classname="com.base.BaseClass">
    <skipped/>
  </testcase> <!-- @AfterMethod tearDown -->
  <testcase name="verify_all_product_women_page" time="0.0" classname="com.tests.WomenPageTest">
    <skipped/>
  </testcase> <!-- verify_all_product_women_page -->
  <testcase name="verify_hover_over_test" time="0.0" classname="com.tests.WomenPageTest">
    <skipped/>
  </testcase> <!-- verify_hover_over_test -->
  <testcase name="verify_add_to_cart_test" time="0.0" classname="com.tests.WomenPageTest">
    <skipped/>
  </testcase> <!-- verify_add_to_cart_test -->
  <testcase name="verify_login" time="0.0" classname="com.tests.LoginTest">
    <skipped/>
  </testcase> <!-- verify_login -->
  <testcase name="testPrice" time="0.0" classname="com.tests.Rough_o1_Test">
    <skipped/>
  </testcase> <!-- testPrice -->
  <testcase name="title_test_homepage" time="0.0" classname="com.tests.HomePageTest">
    <skipped/>
  </testcase> <!-- title_test_homepage -->
  <testcase name="verify_header_text_test_homepage" time="0.0" classname="com.tests.HomePageTest">
    <skipped/>
  </testcase> <!-- verify_header_text_test_homepage -->
  <testcase name="verify_header_click_test_homepage" time="0.0" classname="com.tests.HomePageTest">
    <skipped/>
  </testcase> <!-- verify_header_click_test_homepage -->
  <testcase name="scrollTest" time="0.0" classname="com.tests.HomePageTest">
    <skipped/>
  </testcase> <!-- scrollTest -->
  <testcase name="hover_over_header_test" time="0.0" classname="com.tests.HomePageTest">
    <skipped/>
  </testcase> <!-- hover_over_header_test -->
  <testcase name="click_on_homepage_header" time="0.007" classname="com.rough.RoughTest"/>
  <testcase name="testOne" time="5.457" classname="com.rough.RoughTest"/>
  <testcase name="@AfterSuite afterSuite" time="0.0" classname="com.base.BaseClass">
    <ignored/>
  </testcase> <!-- @AfterSuite afterSuite -->
  <testcase name="@AfterSuite afterSuite" time="0.0" classname="com.base.BaseClass">
    <ignored/>
  </testcase> <!-- @AfterSuite afterSuite -->
  <testcase name="@AfterSuite afterSuite" time="0.0" classname="com.base.BaseClass">
    <ignored/>
  </testcase> <!-- @AfterSuite afterSuite -->
  <testcase name="@BeforeSuite setUp" time="0.0" classname="com.base.BaseClass">
    <ignored/>
  </testcase> <!-- @BeforeSuite setUp -->
  <testcase name="@BeforeSuite setUp" time="0.0" classname="com.base.BaseClass">
    <ignored/>
  </testcase> <!-- @BeforeSuite setUp -->
  <testcase name="@BeforeSuite setUp" time="0.0" classname="com.base.BaseClass">
    <ignored/>
  </testcase> <!-- @BeforeSuite setUp -->
</testsuite> <!-- Command line test -->
