<!DOCTYPE html PUBLIC "-//W3C//DTD XHTML 1.1//EN" "https://www.w3.org/TR/xhtml11/DTD/xhtml11.dtd">
<html xmlns="https://www.w3.org/1999/xhtml">
<head>
<meta http-equiv="content-type" content="text/html; charset=UTF-8"/>
<title>TestNG Report</title>
<style type="text/css">table {margin-bottom:10px;border-collapse:collapse;empty-cells:show}th,td {border:1px solid #009;padding:.25em .5em}th {vertical-align:bottom}td {vertical-align:top}table a {font-weight:bold}.stripe td {background-color: #E6EBF9}.num {text-align:right}.passedodd td {background-color: #3F3}.passedeven td {background-color: #0A0}.skippedodd td {background-color: #DDD}.skippedeven td {background-color: #CCC}.failedodd td,.attn {background-color: #F33}.failedeven td,.stripe .attn {background-color: #D00}.stacktrace {white-space:pre;font-family:monospace}.totop {font-size:85%;text-align:center;border-bottom:2px solid #000}.invisible {display:none}</style>
</head>
<body>
<table>
<tr><th>Test</th><th># Passed</th><th># Skipped</th><th># Retried</th><th># Failed</th><th>Time (ms)</th><th>Included Groups</th><th>Excluded Groups</th></tr>
<tr><th colspan="8">Command line suite</th></tr>
<tr><td><a href="#t0">Command line test</a></td><td class="num">2</td><td class="num attn">10</td><td class="num">0</td><td class="num">0</td><td class="num">5,599</td><td></td><td></td></tr>
</table>
<table id='summary'><thead><tr><th>Class</th><th>Method</th><th>Start</th><th>Time (ms)</th></tr></thead><tbody><tr><th colspan="4">Command line suite</th></tr></tbody><tbody id="t0"><tr><th colspan="4">Command line test &#8212; failed (configuration methods)</th></tr><tr class="failedeven"><td rowspan="1">com.tests.HomePageTest</td><td><a href="#m0">browserSetup</a></td><td rowspan="1">1636774424087</td><td rowspan="1">-1636774424087</td></tr><tr class="failedodd"><td rowspan="1">com.tests.LoginTest</td><td><a href="#m1">browserSetup</a></td><td rowspan="1">1636774424085</td><td rowspan="1">-1636774424085</td></tr><tr class="failedeven"><td rowspan="1">com.tests.Rough_o1_Test</td><td><a href="#m2">browserSetup</a></td><td rowspan="1">1636774424086</td><td rowspan="1">-1636774424086</td></tr><tr class="failedodd"><td rowspan="1">com.tests.WomenPageTest</td><td><a href="#m3">browserSetup</a></td><td rowspan="1">1636774424062</td><td rowspan="1">-1636774424062</td></tr><tr><th colspan="4">Command line test &#8212; skipped (configuration methods)</th></tr><tr class="skippedeven"><td rowspan="9">com.tests.HomePageTest</td><td><a href="#m4">browserSetup</a></td><td rowspan="4">1636774424093</td><td rowspan="4">-1636774424093</td></tr><tr class="skippedeven"><td><a href="#m5">browserSetup</a></td></tr><tr class="skippedeven"><td><a href="#m6">browserSetup</a></td></tr><tr class="skippedeven"><td><a href="#m7">browserSetup</a></td></tr><tr class="skippedeven"><td><a href="#m8">tearDown</a></td><td rowspan="5">1636774424094</td><td rowspan="5">-1636774424094</td></tr><tr class="skippedeven"><td><a href="#m9">tearDown</a></td></tr><tr class="skippedeven"><td><a href="#m10">tearDown</a></td></tr><tr class="skippedeven"><td><a href="#m11">tearDown</a></td></tr><tr class="skippedeven"><td><a href="#m12">tearDown</a></td></tr><tr class="skippedodd"><td rowspan="1">com.tests.LoginTest</td><td><a href="#m13">tearDown</a></td><td rowspan="1">1636774424086</td><td rowspan="1">-1636774424086</td></tr><tr class="skippedeven"><td rowspan="1">com.tests.Rough_o1_Test</td><td><a href="#m14">tearDown</a></td><td rowspan="1">1636774424087</td><td rowspan="1">-1636774424087</td></tr><tr class="skippedodd"><td rowspan="5">com.tests.WomenPageTest</td><td><a href="#m15">browserSetup</a></td><td rowspan="2">1636774424083</td><td rowspan="2">-1636774424083</td></tr><tr class="skippedodd"><td><a href="#m16">browserSetup</a></td></tr><tr class="skippedodd"><td><a href="#m17">tearDown</a></td><td rowspan="3">1636774424084</td><td rowspan="3">-1636774424084</td></tr><tr class="skippedodd"><td><a href="#m18">tearDown</a></td></tr><tr class="skippedodd"><td><a href="#m19">tearDown</a></td></tr><tr><th colspan="4">Command line test &#8212; skipped</th></tr><tr class="skippedeven"><td rowspan="5">com.tests.HomePageTest</td><td><a href="#m20">hover_over_header_test</a></td><td rowspan="1">1636774424096</td><td rowspan="1">0</td></tr><tr class="skippedeven"><td><a href="#m21">scrollTest</a></td><td rowspan="1">1636774424094</td><td rowspan="1">0</td></tr><tr class="skippedeven"><td><a href="#m22">title_test_homepage</a></td><td rowspan="1">1636774424090</td><td rowspan="1">0</td></tr><tr class="skippedeven"><td><a href="#m23">verify_header_click_test_homepage</a></td><td rowspan="1">1636774424094</td><td rowspan="1">0</td></tr><tr class="skippedeven"><td><a href="#m24">verify_header_text_test_homepage</a></td><td rowspan="1">1636774424093</td><td rowspan="1">0</td></tr><tr class="skippedodd"><td rowspan="1">com.tests.LoginTest</td><td><a href="#m25">verify_login</a></td><td rowspan="1">1636774424086</td><td rowspan="1">0</td></tr><tr class="skippedeven"><td rowspan="1">com.tests.Rough_o1_Test</td><td><a href="#m26">testPrice</a></td><td rowspan="1">1636774424087</td><td rowspan="1">0</td></tr><tr class="skippedodd"><td rowspan="3">com.tests.WomenPageTest</td><td><a href="#m27">verify_add_to_cart_test</a></td><td rowspan="1">1636774424084</td><td rowspan="1">0</td></tr><tr class="skippedodd"><td><a href="#m28">verify_all_product_women_page</a></td><td rowspan="1">1636774424077</td><td rowspan="1">0</td></tr><tr class="skippedodd"><td><a href="#m29">verify_hover_over_test</a></td><td rowspan="1">1636774424083</td><td rowspan="1">0</td></tr><tr><th colspan="4">Command line test &#8212; passed</th></tr><tr class="passedeven"><td rowspan="2">com.rough.RoughTest</td><td><a href="#m30">click_on_homepage_header</a></td><td rowspan="1">1636774424096</td><td rowspan="1">7</td></tr><tr class="passedeven"><td><a href="#m31">testOne</a></td><td rowspan="1">1636774424115</td><td rowspan="1">5457</td></tr></tbody>
</table>
<h2>Command line test</h2><h3 id="m0">com.tests.HomePageTest#browserSetup</h3><table class="result"><tr><th>Exception</th></tr><tr><td><div class="stacktrace">org.testng.TestNGException: 
Parameter &apos;url&apos; is required by BeforeMethod on method browserSetup but has not been marked @Optional or defined

	at java.util.ArrayList.forEach(ArrayList.java:1259)
... Removed 38 stack frames</div></td></tr></table><p class="totop"><a href="#summary">back to summary</a></p>
<h3 id="m1">com.tests.LoginTest#browserSetup</h3><table class="result"><tr><th>Exception</th></tr><tr><td><div class="stacktrace">org.testng.TestNGException: 
Parameter &apos;url&apos; is required by BeforeMethod on method browserSetup but has not been marked @Optional or defined

	at java.util.ArrayList.forEach(ArrayList.java:1259)
... Removed 38 stack frames</div></td></tr></table><p class="totop"><a href="#summary">back to summary</a></p>
<h3 id="m2">com.tests.Rough_o1_Test#browserSetup</h3><table class="result"><tr><th>Exception</th></tr><tr><td><div class="stacktrace">org.testng.TestNGException: 
Parameter &apos;url&apos; is required by BeforeMethod on method browserSetup but has not been marked @Optional or defined

	at java.util.ArrayList.forEach(ArrayList.java:1259)
... Removed 38 stack frames</div></td></tr></table><p class="totop"><a href="#summary">back to summary</a></p>
<h3 id="m3">com.tests.WomenPageTest#browserSetup</h3><table class="result"><tr><th>Exception</th></tr><tr><td><div class="stacktrace">org.testng.TestNGException: 
Parameter &apos;url&apos; is required by BeforeMethod on method browserSetup but has not been marked @Optional or defined

	at java.util.ArrayList.forEach(ArrayList.java:1259)
... Removed 38 stack frames</div></td></tr></table><p class="totop"><a href="#summary">back to summary</a></p>
<h3 id="m4">com.tests.HomePageTest#browserSetup</h3><table class="result"><tr><th class="invisible"/></tr></table><p class="totop"><a href="#summary">back to summary</a></p>
<h3 id="m5">com.tests.HomePageTest#browserSetup</h3><table class="result"><tr><th class="invisible"/></tr></table><p class="totop"><a href="#summary">back to summary</a></p>
<h3 id="m6">com.tests.HomePageTest#browserSetup</h3><table class="result"><tr><th class="invisible"/></tr></table><p class="totop"><a href="#summary">back to summary</a></p>
<h3 id="m7">com.tests.HomePageTest#browserSetup</h3><table class="result"><tr><th class="invisible"/></tr></table><p class="totop"><a href="#summary">back to summary</a></p>
<h3 id="m8">com.tests.HomePageTest#tearDown</h3><table class="result"><tr><th class="invisible"/></tr></table><p class="totop"><a href="#summary">back to summary</a></p>
<h3 id="m9">com.tests.HomePageTest#tearDown</h3><table class="result"><tr><th class="invisible"/></tr></table><p class="totop"><a href="#summary">back to summary</a></p>
<h3 id="m10">com.tests.HomePageTest#tearDown</h3><table class="result"><tr><th class="invisible"/></tr></table><p class="totop"><a href="#summary">back to summary</a></p>
<h3 id="m11">com.tests.HomePageTest#tearDown</h3><table class="result"><tr><th class="invisible"/></tr></table><p class="totop"><a href="#summary">back to summary</a></p>
<h3 id="m12">com.tests.HomePageTest#tearDown</h3><table class="result"><tr><th class="invisible"/></tr></table><p class="totop"><a href="#summary">back to summary</a></p>
<h3 id="m13">com.tests.LoginTest#tearDown</h3><table class="result"><tr><th class="invisible"/></tr></table><p class="totop"><a href="#summary">back to summary</a></p>
<h3 id="m14">com.tests.Rough_o1_Test#tearDown</h3><table class="result"><tr><th class="invisible"/></tr></table><p class="totop"><a href="#summary">back to summary</a></p>
<h3 id="m15">com.tests.WomenPageTest#browserSetup</h3><table class="result"><tr><th class="invisible"/></tr></table><p class="totop"><a href="#summary">back to summary</a></p>
<h3 id="m16">com.tests.WomenPageTest#browserSetup</h3><table class="result"><tr><th class="invisible"/></tr></table><p class="totop"><a href="#summary">back to summary</a></p>
<h3 id="m17">com.tests.WomenPageTest#tearDown</h3><table class="result"><tr><th class="invisible"/></tr></table><p class="totop"><a href="#summary">back to summary</a></p>
<h3 id="m18">com.tests.WomenPageTest#tearDown</h3><table class="result"><tr><th class="invisible"/></tr></table><p class="totop"><a href="#summary">back to summary</a></p>
<h3 id="m19">com.tests.WomenPageTest#tearDown</h3><table class="result"><tr><th class="invisible"/></tr></table><p class="totop"><a href="#summary">back to summary</a></p>
<h3 id="m20">com.tests.HomePageTest#hover_over_header_test</h3><table class="result"><tr><th>Exception</th></tr><tr><td><div class="stacktrace">org.testng.TestNGException: 
Parameter &apos;url&apos; is required by BeforeMethod on method browserSetup but has not been marked @Optional or defined

	at java.util.ArrayList.forEach(ArrayList.java:1259)
... Removed 38 stack frames</div></td></tr></table><p class="totop"><a href="#summary">back to summary</a></p>
<h3 id="m21">com.tests.HomePageTest#scrollTest</h3><table class="result"><tr><th>Exception</th></tr><tr><td><div class="stacktrace">org.testng.TestNGException: 
Parameter &apos;url&apos; is required by BeforeMethod on method browserSetup but has not been marked @Optional or defined

	at java.util.ArrayList.forEach(ArrayList.java:1259)
... Removed 38 stack frames</div></td></tr></table><p class="totop"><a href="#summary">back to summary</a></p>
<h3 id="m22">com.tests.HomePageTest#title_test_homepage</h3><table class="result"><tr><th>Exception</th></tr><tr><td><div class="stacktrace">org.testng.TestNGException: 
Parameter &apos;url&apos; is required by BeforeMethod on method browserSetup but has not been marked @Optional or defined

	at java.util.ArrayList.forEach(ArrayList.java:1259)
... Removed 38 stack frames</div></td></tr></table><p class="totop"><a href="#summary">back to summary</a></p>
<h3 id="m23">com.tests.HomePageTest#verify_header_click_test_homepage</h3><table class="result"><tr><th>Exception</th></tr><tr><td><div class="stacktrace">org.testng.TestNGException: 
Parameter &apos;url&apos; is required by BeforeMethod on method browserSetup but has not been marked @Optional or defined

	at java.util.ArrayList.forEach(ArrayList.java:1259)
... Removed 38 stack frames</div></td></tr></table><p class="totop"><a href="#summary">back to summary</a></p>
<h3 id="m24">com.tests.HomePageTest#verify_header_text_test_homepage</h3><table class="result"><tr><th>Exception</th></tr><tr><td><div class="stacktrace">org.testng.TestNGException: 
Parameter &apos;url&apos; is required by BeforeMethod on method browserSetup but has not been marked @Optional or defined

	at java.util.ArrayList.forEach(ArrayList.java:1259)
... Removed 38 stack frames</div></td></tr></table><p class="totop"><a href="#summary">back to summary</a></p>
<h3 id="m25">com.tests.LoginTest#verify_login</h3><table class="result"><tr><th>Exception</th></tr><tr><td><div class="stacktrace">org.testng.TestNGException: 
Parameter &apos;url&apos; is required by BeforeMethod on method browserSetup but has not been marked @Optional or defined

	at java.util.ArrayList.forEach(ArrayList.java:1259)
... Removed 38 stack frames</div></td></tr></table><p class="totop"><a href="#summary">back to summary</a></p>
<h3 id="m26">com.tests.Rough_o1_Test#testPrice</h3><table class="result"><tr><th>Exception</th></tr><tr><td><div class="stacktrace">org.testng.TestNGException: 
Parameter &apos;url&apos; is required by BeforeMethod on method browserSetup but has not been marked @Optional or defined

	at java.util.ArrayList.forEach(ArrayList.java:1259)
... Removed 38 stack frames</div></td></tr></table><p class="totop"><a href="#summary">back to summary</a></p>
<h3 id="m27">com.tests.WomenPageTest#verify_add_to_cart_test</h3><table class="result"><tr><th>Exception</th></tr><tr><td><div class="stacktrace">org.testng.TestNGException: 
Parameter &apos;url&apos; is required by BeforeMethod on method browserSetup but has not been marked @Optional or defined

	at java.util.ArrayList.forEach(ArrayList.java:1259)
... Removed 38 stack frames</div></td></tr></table><p class="totop"><a href="#summary">back to summary</a></p>
<h3 id="m28">com.tests.WomenPageTest#verify_all_product_women_page</h3><table class="result"><tr><th>Exception</th></tr><tr><td><div class="stacktrace">org.testng.TestNGException: 
Parameter &apos;url&apos; is required by BeforeMethod on method browserSetup but has not been marked @Optional or defined

	at java.util.ArrayList.forEach(ArrayList.java:1259)
... Removed 38 stack frames</div></td></tr></table><p class="totop"><a href="#summary">back to summary</a></p>
<h3 id="m29">com.tests.WomenPageTest#verify_hover_over_test</h3><table class="result"><tr><th>Exception</th></tr><tr><td><div class="stacktrace">org.testng.TestNGException: 
Parameter &apos;url&apos; is required by BeforeMethod on method browserSetup but has not been marked @Optional or defined

	at java.util.ArrayList.forEach(ArrayList.java:1259)
... Removed 38 stack frames</div></td></tr></table><p class="totop"><a href="#summary">back to summary</a></p>
<h3 id="m30">com.rough.RoughTest#click_on_homepage_header</h3><table class="result"><tr><th class="invisible"/></tr></table><p class="totop"><a href="#summary">back to summary</a></p>
<h3 id="m31">com.rough.RoughTest#testOne</h3><table class="result"><tr><th class="invisible"/></tr></table><p class="totop"><a href="#summary">back to summary</a></p>
</body>
</html>
